  main.cpp
D:\c++Study\C_StudyJames\49.RBT\49.RBT\CBST.h(162,4): warning C4156: 'delete' 배열 형식을 사용하지 않고 배열 식을 삭제했습니다. 배열 형식이 대체됩니다.
  (소스 파일 'main.cpp'을(를) 컴파일하는 중)
      D:\c++Study\C_StudyJames\49.RBT\49.RBT\CBST.h(162,4):
      템플릿 인스턴스화 컨텍스트(가장 오래된 인스턴스화 컨텍스트)가
          D:\c++Study\C_StudyJames\49.RBT\49.RBT\main.cpp(40,20):
          컴파일되는 클래스 템플릿 인스턴스화 'CBST<std::string,int>'에 대한 참조를 확인하세요.
          D:\c++Study\C_StudyJames\49.RBT\49.RBT\CBST.h(343,1):
          클래스 템플릿 멤버 함수 'bool CBST<std::string,int>::insert(const FPair<T1,T2> &)'을(를) 컴파일하는 중입니다.
          with
          [
              T1=std::string,
              T2=int
          ]
              D:\c++Study\C_StudyJames\49.RBT\49.RBT\main.cpp(91,14):
              'main'에서 'CBST<std::string,int>::insert'에 대한 첫 번째 참조를 확인하세요.
          D:\c++Study\C_StudyJames\49.RBT\49.RBT\CBST.h(344,35):
          컴파일되는 클래스 템플릿 인스턴스화 'FBSTNode<T1,T2>'에 대한 참조를 확인하세요.
          with
          [
              T1=std::string,
              T2=int
          ]
          D:\c++Study\C_StudyJames\49.RBT\49.RBT\CBST.h(158,3):
          클래스 템플릿 멤버 함수 'FBSTNode<T1,T2>::~FBSTNode(void)'을(를) 컴파일하는 중입니다.
          with
          [
              T1=std::string,
              T2=int
          ]
              D:\c++Study\C_StudyJames\49.RBT\49.RBT\CBST.h(167,1):
              'FBSTNode<T1,T2>::~FBSTNode'에서 'FBSTNode<T1,T2>::~FBSTNode'에 대한 첫 번째 참조를 확인하세요.
          with
          [
              T1=std::string,
              T2=int
          ]
  
D:\c++Study\C_StudyJames\49.RBT\49.RBT\CBST.h(162,4): warning C4154: 배열 식을 삭제했습니다. 포인터로 변환이 제공됩니다.
  (소스 파일 'main.cpp'을(를) 컴파일하는 중)
  
D:\c++Study\C_StudyJames\49.RBT\49.RBT\CBST.h(1319,1): warning C4715: 'CBST<std::basic_string<char,std::char_traits<char>,std::allocator<char> >,int>::GetSibling': 모든 제어 경로에서 값을 반환하지는 않습니다.
  49.RBT.vcxproj -> D:\c++Study\C_StudyJames\49.RBT\Debug\49.RBT.exe
